<?xml version="1.0" encoding="UTF-8" ?>
<testsuite failures="0" time="0.028" errors="0" skipped="0" tests="1" name="com.kl.todo.model.PersistenceTest">
  <properties>
    <property name="java.runtime.name" value="Java(TM) SE Runtime Environment"/>
    <property name="sun.boot.library.path" value="/usr/lib/jvm/java-6-sun-1.6.0.20/jre/lib/i386"/>
    <property name="java.vm.version" value="16.3-b01"/>
    <property name="java.vm.vendor" value="Sun Microsystems Inc."/>
    <property name="java.vendor.url" value="http://java.sun.com/"/>
    <property name="path.separator" value=":"/>
    <property name="java.vm.name" value="Java HotSpot(TM) Server VM"/>
    <property name="file.encoding.pkg" value="sun.io"/>
    <property name="user.country" value="US"/>
    <property name="sun.java.launcher" value="SUN_STANDARD"/>
    <property name="sun.os.patch.level" value="unknown"/>
    <property name="java.vm.specification.name" value="Java Virtual Machine Specification"/>
    <property name="user.dir" value="/home/kevin/workspace/java/todo"/>
    <property name="java.runtime.version" value="1.6.0_20-b02"/>
    <property name="java.awt.graphicsenv" value="sun.awt.X11GraphicsEnvironment"/>
    <property name="basedir" value="/home/kevin/workspace/java/todo"/>
    <property name="java.endorsed.dirs" value="/usr/lib/jvm/java-6-sun-1.6.0.20/jre/lib/endorsed"/>
    <property name="os.arch" value="i386"/>
    <property name="surefire.real.class.path" value="/tmp/surefirebooter2614112695222736762.jar"/>
    <property name="java.io.tmpdir" value="/tmp"/>
    <property name="line.separator" value="
"/>
    <property name="java.vm.specification.vendor" value="Sun Microsystems Inc."/>
    <property name="os.name" value="Linux"/>
    <property name="sun.jnu.encoding" value="UTF-8"/>
    <property name="java.library.path" value="/usr/lib/jvm/java-6-sun-1.6.0.20/jre/lib/i386/server:/usr/lib/jvm/java-6-sun-1.6.0.20/jre/lib/i386:/usr/lib/jvm/java-6-sun-1.6.0.20/jre/../lib/i386:/usr/java/packages/lib/i386:/lib:/usr/lib"/>
    <property name="surefire.test.class.path" value="/home/kevin/workspace/java/todo/target/test-classes:/home/kevin/workspace/java/todo/target/classes:/home/kevin/.m2/repository/org/springframework/spring-context/3.0.0.RELEASE/spring-context-3.0.0.RELEASE.jar:/home/kevin/.m2/repository/org/springframework/spring-beans/3.0.0.RELEASE/spring-beans-3.0.0.RELEASE.jar:/home/kevin/.m2/repository/org/springframework/spring-core/3.0.0.RELEASE/spring-core-3.0.0.RELEASE.jar:/home/kevin/.m2/repository/org/springframework/spring-asm/3.0.0.RELEASE/spring-asm-3.0.0.RELEASE.jar:/home/kevin/.m2/repository/commons-logging/commons-logging/1.1.1/commons-logging-1.1.1.jar:/home/kevin/.m2/repository/org/springframework/spring-expression/3.0.0.RELEASE/spring-expression-3.0.0.RELEASE.jar:/home/kevin/.m2/repository/org/springframework/spring-webmvc/3.0.0.RELEASE/spring-webmvc-3.0.0.RELEASE.jar:/home/kevin/.m2/repository/org/springframework/spring-web/3.0.0.RELEASE/spring-web-3.0.0.RELEASE.jar:/home/kevin/.m2/repository/aopalliance/aopalliance/1.0/aopalliance-1.0.jar:/home/kevin/.m2/repository/org/springframework/spring-aop/3.0.0.RELEASE/spring-aop-3.0.0.RELEASE.jar:/home/kevin/.m2/repository/org/springframework/spring-context-support/3.0.0.RELEASE/spring-context-support-3.0.0.RELEASE.jar:/home/kevin/.m2/repository/org/springframework/spring-tx/3.0.0.RELEASE/spring-tx-3.0.0.RELEASE.jar:/home/kevin/.m2/repository/org/springframework/spring-orm/3.0.0.RELEASE/spring-orm-3.0.0.RELEASE.jar:/home/kevin/.m2/repository/org/springframework/spring-jdbc/3.0.0.RELEASE/spring-jdbc-3.0.0.RELEASE.jar:/home/kevin/.m2/repository/org/springframework/spring-test/3.0.0.RELEASE/spring-test-3.0.0.RELEASE.jar:/home/kevin/.m2/repository/org/hibernate/java-persistence/jpa-api/2.0-cr-1/jpa-api-2.0-cr-1.jar:/home/kevin/.m2/repository/org/hibernate/hibernate-entitymanager/3.5.0-Beta-2/hibernate-entitymanager-3.5.0-Beta-2.jar:/home/kevin/.m2/repository/org/hibernate/hibernate-core/3.5.0-Beta-2/hibernate-core-3.5.0-Beta-2.jar:/home/kevin/.m2/repository/antlr/antlr/2.7.6/antlr-2.7.6.jar:/home/kevin/.m2/repository/commons-collections/commons-collections/3.1/commons-collections-3.1.jar:/home/kevin/.m2/repository/dom4j/dom4j/1.6.1/dom4j-1.6.1.jar:/home/kevin/.m2/repository/xml-apis/xml-apis/1.0.b2/xml-apis-1.0.b2.jar:/home/kevin/.m2/repository/javax/transaction/jta/1.1/jta-1.1.jar:/home/kevin/.m2/repository/org/slf4j/slf4j-api/1.5.10/slf4j-api-1.5.10.jar:/home/kevin/.m2/repository/hsqldb/hsqldb/1.8.0.2/hsqldb-1.8.0.2.jar:/home/kevin/.m2/repository/org/hibernate/hibernate-annotations/3.5.0-Beta-2/hibernate-annotations-3.5.0-Beta-2.jar:/home/kevin/.m2/repository/org/hibernate/hibernate-commons-annotations/3.2.0.Beta1/hibernate-commons-annotations-3.2.0.Beta1.jar:/home/kevin/.m2/repository/cglib/cglib/2.2/cglib-2.2.jar:/home/kevin/.m2/repository/asm/asm/3.1/asm-3.1.jar:/home/kevin/.m2/repository/javassist/javassist/3.9.0.GA/javassist-3.9.0.GA.jar:/home/kevin/.m2/repository/org/slf4j/jcl-over-slf4j/1.5.10/jcl-over-slf4j-1.5.10.jar:/home/kevin/.m2/repository/org/slf4j/slf4j-log4j12/1.5.10/slf4j-log4j12-1.5.10.jar:/home/kevin/.m2/repository/log4j/log4j/1.2.15/log4j-1.2.15.jar:/home/kevin/.m2/repository/javax/validation/validation-api/1.0.0.GA/validation-api-1.0.0.GA.jar:/home/kevin/.m2/repository/org/hibernate/hibernate-validator/4.0.2.GA/hibernate-validator-4.0.2.GA.jar:/home/kevin/.m2/repository/javax/xml/bind/jaxb-api/2.1/jaxb-api-2.1.jar:/home/kevin/.m2/repository/javax/xml/stream/stax-api/1.0-2/stax-api-1.0-2.jar:/home/kevin/.m2/repository/javax/activation/activation/1.1/activation-1.1.jar:/home/kevin/.m2/repository/com/sun/xml/bind/jaxb-impl/2.1.3/jaxb-impl-2.1.3.jar:/home/kevin/.m2/repository/joda-time/joda-time/1.6/joda-time-1.6.jar:/home/kevin/.m2/repository/joda-time/joda-time-jsptags/1.0.2/joda-time-jsptags-1.0.2.jar:/home/kevin/.m2/repository/org/tuckey/urlrewritefilter/3.1.0/urlrewritefilter-3.1.0.jar:/home/kevin/.m2/repository/javax/servlet/servlet-api/2.5/servlet-api-2.5.jar:/home/kevin/.m2/repository/javax/servlet/jsp/jsp-api/2.1/jsp-api-2.1.jar:/home/kevin/.m2/repository/javax/servlet/jstl/1.2/jstl-1.2.jar:/home/kevin/.m2/repository/junit/junit/4.7/junit-4.7.jar:"/>
    <property name="java.specification.name" value="Java Platform API Specification"/>
    <property name="java.class.version" value="50.0"/>
    <property name="sun.management.compiler" value="HotSpot Tiered Compilers"/>
    <property name="os.version" value="2.6.32-22-generic"/>
    <property name="user.home" value="/home/kevin"/>
    <property name="user.timezone" value=""/>
    <property name="java.awt.printerjob" value="sun.print.PSPrinterJob"/>
    <property name="file.encoding" value="UTF-8"/>
    <property name="java.specification.version" value="1.6"/>
    <property name="user.name" value="kevin"/>
    <property name="java.class.path" value="/home/kevin/workspace/java/todo/target/test-classes:/home/kevin/workspace/java/todo/target/classes:/home/kevin/.m2/repository/org/springframework/spring-context/3.0.0.RELEASE/spring-context-3.0.0.RELEASE.jar:/home/kevin/.m2/repository/org/springframework/spring-beans/3.0.0.RELEASE/spring-beans-3.0.0.RELEASE.jar:/home/kevin/.m2/repository/org/springframework/spring-core/3.0.0.RELEASE/spring-core-3.0.0.RELEASE.jar:/home/kevin/.m2/repository/org/springframework/spring-asm/3.0.0.RELEASE/spring-asm-3.0.0.RELEASE.jar:/home/kevin/.m2/repository/commons-logging/commons-logging/1.1.1/commons-logging-1.1.1.jar:/home/kevin/.m2/repository/org/springframework/spring-expression/3.0.0.RELEASE/spring-expression-3.0.0.RELEASE.jar:/home/kevin/.m2/repository/org/springframework/spring-webmvc/3.0.0.RELEASE/spring-webmvc-3.0.0.RELEASE.jar:/home/kevin/.m2/repository/org/springframework/spring-web/3.0.0.RELEASE/spring-web-3.0.0.RELEASE.jar:/home/kevin/.m2/repository/aopalliance/aopalliance/1.0/aopalliance-1.0.jar:/home/kevin/.m2/repository/org/springframework/spring-aop/3.0.0.RELEASE/spring-aop-3.0.0.RELEASE.jar:/home/kevin/.m2/repository/org/springframework/spring-context-support/3.0.0.RELEASE/spring-context-support-3.0.0.RELEASE.jar:/home/kevin/.m2/repository/org/springframework/spring-tx/3.0.0.RELEASE/spring-tx-3.0.0.RELEASE.jar:/home/kevin/.m2/repository/org/springframework/spring-orm/3.0.0.RELEASE/spring-orm-3.0.0.RELEASE.jar:/home/kevin/.m2/repository/org/springframework/spring-jdbc/3.0.0.RELEASE/spring-jdbc-3.0.0.RELEASE.jar:/home/kevin/.m2/repository/org/springframework/spring-test/3.0.0.RELEASE/spring-test-3.0.0.RELEASE.jar:/home/kevin/.m2/repository/org/hibernate/java-persistence/jpa-api/2.0-cr-1/jpa-api-2.0-cr-1.jar:/home/kevin/.m2/repository/org/hibernate/hibernate-entitymanager/3.5.0-Beta-2/hibernate-entitymanager-3.5.0-Beta-2.jar:/home/kevin/.m2/repository/org/hibernate/hibernate-core/3.5.0-Beta-2/hibernate-core-3.5.0-Beta-2.jar:/home/kevin/.m2/repository/antlr/antlr/2.7.6/antlr-2.7.6.jar:/home/kevin/.m2/repository/commons-collections/commons-collections/3.1/commons-collections-3.1.jar:/home/kevin/.m2/repository/dom4j/dom4j/1.6.1/dom4j-1.6.1.jar:/home/kevin/.m2/repository/xml-apis/xml-apis/1.0.b2/xml-apis-1.0.b2.jar:/home/kevin/.m2/repository/javax/transaction/jta/1.1/jta-1.1.jar:/home/kevin/.m2/repository/org/slf4j/slf4j-api/1.5.10/slf4j-api-1.5.10.jar:/home/kevin/.m2/repository/hsqldb/hsqldb/1.8.0.2/hsqldb-1.8.0.2.jar:/home/kevin/.m2/repository/org/hibernate/hibernate-annotations/3.5.0-Beta-2/hibernate-annotations-3.5.0-Beta-2.jar:/home/kevin/.m2/repository/org/hibernate/hibernate-commons-annotations/3.2.0.Beta1/hibernate-commons-annotations-3.2.0.Beta1.jar:/home/kevin/.m2/repository/cglib/cglib/2.2/cglib-2.2.jar:/home/kevin/.m2/repository/asm/asm/3.1/asm-3.1.jar:/home/kevin/.m2/repository/javassist/javassist/3.9.0.GA/javassist-3.9.0.GA.jar:/home/kevin/.m2/repository/org/slf4j/jcl-over-slf4j/1.5.10/jcl-over-slf4j-1.5.10.jar:/home/kevin/.m2/repository/org/slf4j/slf4j-log4j12/1.5.10/slf4j-log4j12-1.5.10.jar:/home/kevin/.m2/repository/log4j/log4j/1.2.15/log4j-1.2.15.jar:/home/kevin/.m2/repository/javax/validation/validation-api/1.0.0.GA/validation-api-1.0.0.GA.jar:/home/kevin/.m2/repository/org/hibernate/hibernate-validator/4.0.2.GA/hibernate-validator-4.0.2.GA.jar:/home/kevin/.m2/repository/javax/xml/bind/jaxb-api/2.1/jaxb-api-2.1.jar:/home/kevin/.m2/repository/javax/xml/stream/stax-api/1.0-2/stax-api-1.0-2.jar:/home/kevin/.m2/repository/javax/activation/activation/1.1/activation-1.1.jar:/home/kevin/.m2/repository/com/sun/xml/bind/jaxb-impl/2.1.3/jaxb-impl-2.1.3.jar:/home/kevin/.m2/repository/joda-time/joda-time/1.6/joda-time-1.6.jar:/home/kevin/.m2/repository/joda-time/joda-time-jsptags/1.0.2/joda-time-jsptags-1.0.2.jar:/home/kevin/.m2/repository/org/tuckey/urlrewritefilter/3.1.0/urlrewritefilter-3.1.0.jar:/home/kevin/.m2/repository/javax/servlet/servlet-api/2.5/servlet-api-2.5.jar:/home/kevin/.m2/repository/javax/servlet/jsp/jsp-api/2.1/jsp-api-2.1.jar:/home/kevin/.m2/repository/javax/servlet/jstl/1.2/jstl-1.2.jar:/home/kevin/.m2/repository/junit/junit/4.7/junit-4.7.jar:"/>
    <property name="java.vm.specification.version" value="1.0"/>
    <property name="sun.arch.data.model" value="32"/>
    <property name="java.home" value="/usr/lib/jvm/java-6-sun-1.6.0.20/jre"/>
    <property name="java.specification.vendor" value="Sun Microsystems Inc."/>
    <property name="user.language" value="en"/>
    <property name="java.vm.info" value="mixed mode"/>
    <property name="java.version" value="1.6.0_20"/>
    <property name="java.ext.dirs" value="/usr/lib/jvm/java-6-sun-1.6.0.20/jre/lib/ext:/usr/java/packages/lib/ext"/>
    <property name="sun.boot.class.path" value="/usr/lib/jvm/java-6-sun-1.6.0.20/jre/lib/resources.jar:/usr/lib/jvm/java-6-sun-1.6.0.20/jre/lib/rt.jar:/usr/lib/jvm/java-6-sun-1.6.0.20/jre/lib/sunrsasign.jar:/usr/lib/jvm/java-6-sun-1.6.0.20/jre/lib/jsse.jar:/usr/lib/jvm/java-6-sun-1.6.0.20/jre/lib/jce.jar:/usr/lib/jvm/java-6-sun-1.6.0.20/jre/lib/charsets.jar:/usr/lib/jvm/java-6-sun-1.6.0.20/jre/classes"/>
    <property name="java.vendor" value="Sun Microsystems Inc."/>
    <property name="localRepository" value="/home/kevin/.m2/repository"/>
    <property name="file.separator" value="/"/>
    <property name="java.vendor.url.bug" value="http://java.sun.com/cgi-bin/bugreport.cgi"/>
    <property name="sun.cpu.endian" value="little"/>
    <property name="sun.io.unicode.encoding" value="UnicodeLittle"/>
    <property name="sun.desktop" value="gnome"/>
    <property name="sun.cpu.isalist" value=""/>
  </properties>
  <testcase time="0.004" classname="com.kl.todo.model.PersistenceTest" name="testRun"/>
</testsuite>