<?xml version="1.0" encoding="UTF-8"?>
<beans xmlns="http://www.springframework.org/schema/beans"
       xmlns:xsi="http://www.w3.org/2001/XMLSchema-instance"
       xmlns:p="http://www.springframework.org/schema/p"
       xmlns:context="http://www.springframework.org/schema/context"
       xmlns:tx="http://www.springframework.org/schema/tx"
       xsi:schemaLocation="
            http://www.springframework.org/schema/beans http://www.springframework.org/schema/beans/spring-beans-2.5.xsd
            http://www.springframework.org/schema/context http://www.springframework.org/schema/context/spring-context-2.5.xsd
            http://www.springframework.org/schema/tx http://www.springframework.org/schema/tx/spring-tx-2.5.xsd">


    <context:annotation-config/>

    <tx:annotation-driven/>

    <bean id="userDao" class="com.kl.todo.domain.dao.JpaUserDao" />

    <bean id="dataSource" class="org.springframework.jdbc.datasource.DriverManagerDataSource"
          p:driverClassName="org.hibernate.dialect.MySQLDialect"
          p:url="jdbc:mysql://localhost/todo"
          p:username="root"
          p:password="aj4k2yd">

    </bean>

    <bean id="entityManagerFactory" class="org.springframework.orm.jpa.LocalContainerEntityManagerFactoryBean"
          p:dataSource-ref="dataSource"
          p:jpaVendorAdapter-ref="jpaAdapter">
    </bean>

    <bean id="transactionManager" class="org.springframework.orm.jpa.JpaTransactionManager"
          p:entityManagerFactory-ref="entityManagerFactory"/>

    <bean id="jpaAdapter" class="org.springframework.orm.jpa.vendor.HibernateJpaVendorAdapter"
          p:database="MYSQL"
          p:showSql="true"/>




</beans>